<?xml version="1.0" encoding="UTF-8"?>
<testsuite name="com.test.gunju.book.HelloResponseDtoTest" tests="1" skipped="0" failures="0" errors="0" timestamp="2020-07-05T12:11:37" hostname="Gunjuui-MacBookPro.local" time="0.001">
  <properties/>
  <testcase name="lombok_function_test" classname="com.test.gunju.book.HelloResponseDtoTest" time="0.001"/>
  <system-out><![CDATA[]]></system-out>
  <system-err><![CDATA[]]></system-err>
</testsuite>
