<?xml version="1.0" encoding="UTF-8"?>
<testsuite name="com.test.gunju.book.IndexControllerTest" tests="1" skipped="0" failures="0" errors="0" timestamp="2020-06-22T08:27:39" hostname="DESKTOP-14CCT3P" time="1.736">
  <properties/>
  <testcase name="mainpage_loading" classname="com.test.gunju.book.IndexControllerTest" time="1.736"/>
  <system-out><![CDATA[17:27:15.519 [Test worker] DEBUG org.springframework.test.context.junit4.SpringJUnit4ClassRunner - SpringJUnit4ClassRunner constructor called with [class com.test.gunju.book.IndexControllerTest]
17:27:15.545 [Test worker] DEBUG org.springframework.test.context.BootstrapUtils - Instantiating CacheAwareContextLoaderDelegate from class [org.springframework.test.context.cache.DefaultCacheAwareContextLoaderDelegate]
17:27:15.583 [Test worker] DEBUG org.springframework.test.context.BootstrapUtils - Instantiating BootstrapContext using constructor [public org.springframework.test.context.support.DefaultBootstrapContext(java.lang.Class,org.springframework.test.context.CacheAwareContextLoaderDelegate)]
17:27:15.643 [Test worker] DEBUG org.springframework.test.context.BootstrapUtils - Instantiating TestContextBootstrapper for test class [com.test.gunju.book.IndexControllerTest] from class [org.springframework.boot.test.context.SpringBootTestContextBootstrapper]
17:27:15.699 [Test worker] INFO org.springframework.boot.test.context.SpringBootTestContextBootstrapper - Neither @ContextConfiguration nor @ContextHierarchy found for test class [com.test.gunju.book.IndexControllerTest], using SpringBootContextLoader
17:27:15.714 [Test worker] DEBUG org.springframework.test.context.support.AbstractContextLoader - Did not detect default resource location for test class [com.test.gunju.book.IndexControllerTest]: class path resource [com/test/gunju/book/IndexControllerTest-context.xml] does not exist
17:27:15.719 [Test worker] DEBUG org.springframework.test.context.support.AbstractContextLoader - Did not detect default resource location for test class [com.test.gunju.book.IndexControllerTest]: class path resource [com/test/gunju/book/IndexControllerTestContext.groovy] does not exist
17:27:15.721 [Test worker] INFO org.springframework.test.context.support.AbstractContextLoader - Could not detect default resource locations for test class [com.test.gunju.book.IndexControllerTest]: no resource found for suffixes {-context.xml, Context.groovy}.
17:27:15.727 [Test worker] INFO org.springframework.test.context.support.AnnotationConfigContextLoaderUtils - Could not detect default configuration classes for test class [com.test.gunju.book.IndexControllerTest]: IndexControllerTest does not declare any static, non-private, non-final, nested classes annotated with @Configuration.
17:27:15.967 [Test worker] DEBUG org.springframework.test.context.support.ActiveProfilesUtils - Could not find an 'annotation declaring class' for annotation type [org.springframework.test.context.ActiveProfiles] and class [com.test.gunju.book.IndexControllerTest]
17:27:16.379 [Test worker] DEBUG org.springframework.context.annotation.ClassPathScanningCandidateComponentProvider - Identified candidate component class: file [C:\Users\Gunju\IdeaProjects\com.test.gunju\build\classes\java\main\com\test\gunju\book\Appilication.class]
17:27:16.388 [Test worker] INFO org.springframework.boot.test.context.SpringBootTestContextBootstrapper - Found @SpringBootConfiguration com.test.gunju.book.Appilication for test class com.test.gunju.book.IndexControllerTest
17:27:16.751 [Test worker] DEBUG org.springframework.boot.test.context.SpringBootTestContextBootstrapper - @TestExecutionListeners is not present for class [com.test.gunju.book.IndexControllerTest]: using defaults.
17:27:16.755 [Test worker] INFO org.springframework.boot.test.context.SpringBootTestContextBootstrapper - Loaded default TestExecutionListener class names from location [META-INF/spring.factories]: [org.springframework.boot.test.autoconfigure.restdocs.RestDocsTestExecutionListener, org.springframework.boot.test.autoconfigure.web.client.MockRestServiceServerResetTestExecutionListener, org.springframework.boot.test.autoconfigure.web.servlet.MockMvcPrintOnlyOnFailureTestExecutionListener, org.springframework.boot.test.autoconfigure.web.servlet.WebDriverTestExecutionListener, org.springframework.boot.test.mock.mockito.MockitoTestExecutionListener, org.springframework.boot.test.mock.mockito.ResetMocksTestExecutionListener, org.springframework.test.context.web.ServletTestExecutionListener, org.springframework.test.context.support.DirtiesContextBeforeModesTestExecutionListener, org.springframework.test.context.support.DependencyInjectionTestExecutionListener, org.springframework.test.context.support.DirtiesContextTestExecutionListener, org.springframework.test.context.transaction.TransactionalTestExecutionListener, org.springframework.test.context.jdbc.SqlScriptsTestExecutionListener]
17:27:16.831 [Test worker] INFO org.springframework.boot.test.context.SpringBootTestContextBootstrapper - Using TestExecutionListeners: [org.springframework.test.context.web.ServletTestExecutionListener@78bc683b, org.springframework.test.context.support.DirtiesContextBeforeModesTestExecutionListener@48c486d4, org.springframework.boot.test.mock.mockito.MockitoTestExecutionListener@4db93c6e, org.springframework.boot.test.autoconfigure.SpringBootDependencyInjectionTestExecutionListener@507a117b, org.springframework.test.context.support.DirtiesContextTestExecutionListener@4b9c46ff, org.springframework.test.context.transaction.TransactionalTestExecutionListener@27028b7e, org.springframework.test.context.jdbc.SqlScriptsTestExecutionListener@235c89bc, org.springframework.boot.test.autoconfigure.restdocs.RestDocsTestExecutionListener@23ada565, org.springframework.boot.test.autoconfigure.web.client.MockRestServiceServerResetTestExecutionListener@a2fa451, org.springframework.boot.test.autoconfigure.web.servlet.MockMvcPrintOnlyOnFailureTestExecutionListener@39c59711, org.springframework.boot.test.autoconfigure.web.servlet.WebDriverTestExecutionListener@7e93e8fc, org.springframework.boot.test.mock.mockito.ResetMocksTestExecutionListener@30dbecc6]
17:27:16.845 [Test worker] DEBUG org.springframework.test.annotation.ProfileValueUtils - Retrieved @ProfileValueSourceConfiguration [null] for test class [com.test.gunju.book.IndexControllerTest]
17:27:16.847 [Test worker] DEBUG org.springframework.test.annotation.ProfileValueUtils - Retrieved ProfileValueSource type [class org.springframework.test.annotation.SystemProfileValueSource] for class [com.test.gunju.book.IndexControllerTest]
17:27:16.859 [Test worker] DEBUG org.springframework.test.annotation.ProfileValueUtils - Retrieved @ProfileValueSourceConfiguration [null] for test class [com.test.gunju.book.IndexControllerTest]
17:27:16.859 [Test worker] DEBUG org.springframework.test.annotation.ProfileValueUtils - Retrieved ProfileValueSource type [class org.springframework.test.annotation.SystemProfileValueSource] for class [com.test.gunju.book.IndexControllerTest]
17:27:16.861 [Test worker] DEBUG org.springframework.test.annotation.ProfileValueUtils - Retrieved @ProfileValueSourceConfiguration [null] for test class [com.test.gunju.book.IndexControllerTest]
17:27:16.862 [Test worker] DEBUG org.springframework.test.annotation.ProfileValueUtils - Retrieved ProfileValueSource type [class org.springframework.test.annotation.SystemProfileValueSource] for class [com.test.gunju.book.IndexControllerTest]
17:27:16.876 [Test worker] DEBUG org.springframework.test.context.support.AbstractDirtiesContextTestExecutionListener - Before test class: context [DefaultTestContext@24f7c571 testClass = IndexControllerTest, testInstance = [null], testMethod = [null], testException = [null], mergedContextConfiguration = [WebMergedContextConfiguration@5ce290d9 testClass = IndexControllerTest, locations = '{}', classes = '{class com.test.gunju.book.Appilication}', contextInitializerClasses = '[]', activeProfiles = '{}', propertySourceLocations = '{}', propertySourceProperties = '{org.springframework.boot.test.context.SpringBootTestContextBootstrapper=true, server.port=0}', contextCustomizers = set[org.springframework.boot.test.autoconfigure.properties.PropertyMappingContextCustomizer@0, org.springframework.boot.test.autoconfigure.web.servlet.WebDriverContextCustomizerFactory$Customizer@6ba6eed6, org.springframework.boot.test.context.filter.ExcludeFilterContextCustomizer@6fa76945, org.springframework.boot.test.json.DuplicateJsonObjectContextCustomizerFactory$DuplicateJsonObjectContextCustomizer@5df053d0, org.springframework.boot.test.mock.mockito.MockitoContextCustomizer@0, org.springframework.boot.test.web.client.TestRestTemplateContextCustomizer@1f18b477], resourceBasePath = 'src/main/webapp', contextLoader = 'org.springframework.boot.test.context.SpringBootContextLoader', parent = [null]], attributes = map['org.springframework.test.context.web.ServletTestExecutionListener.activateListener' -> false]], class annotated with @DirtiesContext [false] with mode [null].
17:27:16.883 [Test worker] DEBUG org.springframework.test.annotation.ProfileValueUtils - Retrieved @ProfileValueSourceConfiguration [null] for test class [com.test.gunju.book.IndexControllerTest]
17:27:16.887 [Test worker] DEBUG org.springframework.test.annotation.ProfileValueUtils - Retrieved ProfileValueSource type [class org.springframework.test.annotation.SystemProfileValueSource] for class [com.test.gunju.book.IndexControllerTest]
17:27:16.903 [Test worker] DEBUG org.springframework.test.context.support.DependencyInjectionTestExecutionListener - Performing dependency injection for test context [[DefaultTestContext@24f7c571 testClass = IndexControllerTest, testInstance = com.test.gunju.book.IndexControllerTest@c75eb51, testMethod = [null], testException = [null], mergedContextConfiguration = [WebMergedContextConfiguration@5ce290d9 testClass = IndexControllerTest, locations = '{}', classes = '{class com.test.gunju.book.Appilication}', contextInitializerClasses = '[]', activeProfiles = '{}', propertySourceLocations = '{}', propertySourceProperties = '{org.springframework.boot.test.context.SpringBootTestContextBootstrapper=true, server.port=0}', contextCustomizers = set[org.springframework.boot.test.autoconfigure.properties.PropertyMappingContextCustomizer@0, org.springframework.boot.test.autoconfigure.web.servlet.WebDriverContextCustomizerFactory$Customizer@6ba6eed6, org.springframework.boot.test.context.filter.ExcludeFilterContextCustomizer@6fa76945, org.springframework.boot.test.json.DuplicateJsonObjectContextCustomizerFactory$DuplicateJsonObjectContextCustomizer@5df053d0, org.springframework.boot.test.mock.mockito.MockitoContextCustomizer@0, org.springframework.boot.test.web.client.TestRestTemplateContextCustomizer@1f18b477], resourceBasePath = 'src/main/webapp', contextLoader = 'org.springframework.boot.test.context.SpringBootContextLoader', parent = [null]], attributes = map['org.springframework.test.context.web.ServletTestExecutionListener.activateListener' -> false]]].
17:27:16.972 [Test worker] DEBUG org.springframework.test.context.support.TestPropertySourceUtils - Adding inlined properties to environment: {spring.jmx.enabled=false, org.springframework.boot.test.context.SpringBootTestContextBootstrapper=true, server.port=0}

  .   ____          _            __ _ _
 /\\ / ___'_ __ _ _(_)_ __  __ _ \ \ \ \
( ( )\___ | '_ | '_| | '_ \/ _` | \ \ \ \
 \\/  ___)| |_)| | | | | || (_| |  ) ) ) )
  '  |____| .__|_| |_|_| |_\__, | / / / /
 =========|_|==============|___/=/_/_/_/
 :: Spring Boot ::        (v2.1.7.RELEASE)

2020-06-22 17:27:17.939  INFO 19608 --- [    Test worker] com.test.gunju.book.IndexControllerTest  : Starting IndexControllerTest on DESKTOP-14CCT3P with PID 19608 (started by Gunju in C:\Users\Gunju\IdeaProjects\com.test.gunju)
2020-06-22 17:27:17.943  INFO 19608 --- [    Test worker] com.test.gunju.book.IndexControllerTest  : No active profile set, falling back to default profiles: default
2020-06-22 17:27:20.650  INFO 19608 --- [    Test worker] .s.d.r.c.RepositoryConfigurationDelegate : Bootstrapping Spring Data repositories in DEFAULT mode.
2020-06-22 17:27:20.887  INFO 19608 --- [    Test worker] .s.d.r.c.RepositoryConfigurationDelegate : Finished Spring Data repository scanning in 211ms. Found 1 repository interfaces.
2020-06-22 17:27:23.128  INFO 19608 --- [    Test worker] trationDelegate$BeanPostProcessorChecker : Bean 'org.springframework.transaction.annotation.ProxyTransactionManagementConfiguration' of type [org.springframework.transaction.annotation.ProxyTransactionManagementConfiguration$$EnhancerBySpringCGLIB$$7102c64d] is not eligible for getting processed by all BeanPostProcessors (for example: not eligible for auto-proxying)
2020-06-22 17:27:25.218  INFO 19608 --- [    Test worker] o.s.b.w.embedded.tomcat.TomcatWebServer  : Tomcat initialized with port(s): 0 (http)
2020-06-22 17:27:25.421  INFO 19608 --- [    Test worker] o.apache.catalina.core.StandardService   : Starting service [Tomcat]
2020-06-22 17:27:25.424  INFO 19608 --- [    Test worker] org.apache.catalina.core.StandardEngine  : Starting Servlet engine: [Apache Tomcat/9.0.22]
2020-06-22 17:27:25.994  INFO 19608 --- [    Test worker] o.a.c.c.C.[Tomcat].[localhost].[/]       : Initializing Spring embedded WebApplicationContext
2020-06-22 17:27:25.994  INFO 19608 --- [    Test worker] o.s.web.context.ContextLoader            : Root WebApplicationContext: initialization completed in 7974 ms
2020-06-22 17:27:27.384  INFO 19608 --- [    Test worker] com.zaxxer.hikari.HikariDataSource       : HikariPool-1 - Starting...
2020-06-22 17:27:28.149  INFO 19608 --- [    Test worker] com.zaxxer.hikari.HikariDataSource       : HikariPool-1 - Start completed.
2020-06-22 17:27:28.743  INFO 19608 --- [    Test worker] o.hibernate.jpa.internal.util.LogHelper  : HHH000204: Processing PersistenceUnitInfo [
	name: default
	...]
2020-06-22 17:27:29.191  INFO 19608 --- [    Test worker] org.hibernate.Version                    : HHH000412: Hibernate Core {5.3.10.Final}
2020-06-22 17:27:29.209  INFO 19608 --- [    Test worker] org.hibernate.cfg.Environment            : HHH000206: hibernate.properties not found
2020-06-22 17:27:29.972  INFO 19608 --- [    Test worker] o.hibernate.annotations.common.Version   : HCANN000001: Hibernate Commons Annotations {5.0.4.Final}
2020-06-22 17:27:30.793  INFO 19608 --- [    Test worker] org.hibernate.dialect.Dialect            : HHH000400: Using dialect: org.hibernate.dialect.MySQL5InnoDBDialect
Hibernate: drop table if exists posts
Hibernate: create table posts (id bigint not null auto_increment, created_date datetime, modified_date datetime, author varchar(255), content TEXT not null, title varchar(500) not null, primary key (id)) engine=InnoDB
2020-06-22 17:27:33.274  INFO 19608 --- [    Test worker] o.h.t.schema.internal.SchemaCreatorImpl  : HHH000476: Executing import script 'org.hibernate.tool.schema.internal.exec.ScriptSourceInputNonExistentImpl@6352de8c'
2020-06-22 17:27:33.281  INFO 19608 --- [    Test worker] j.LocalContainerEntityManagerFactoryBean : Initialized JPA EntityManagerFactory for persistence unit 'default'
2020-06-22 17:27:35.928  INFO 19608 --- [    Test worker] o.s.s.concurrent.ThreadPoolTaskExecutor  : Initializing ExecutorService 'applicationTaskExecutor'
2020-06-22 17:27:36.183  WARN 19608 --- [    Test worker] aWebConfiguration$JpaWebMvcConfiguration : spring.jpa.open-in-view is enabled by default. Therefore, database queries may be performed during view rendering. Explicitly configure spring.jpa.open-in-view to disable this warning
2020-06-22 17:27:36.434  INFO 19608 --- [    Test worker] o.s.b.a.w.s.WelcomePageHandlerMapping    : Adding welcome page template: index
2020-06-22 17:27:38.947  INFO 19608 --- [    Test worker] o.s.b.w.embedded.tomcat.TomcatWebServer  : Tomcat started on port(s): 58198 (http) with context path ''
2020-06-22 17:27:39.036  INFO 19608 --- [    Test worker] com.test.gunju.book.IndexControllerTest  : Started IndexControllerTest in 22.056 seconds (JVM running for 32.664)
2020-06-22 17:27:40.351  INFO 19608 --- [o-auto-1-exec-1] o.a.c.c.C.[Tomcat].[localhost].[/]       : Initializing Spring DispatcherServlet 'dispatcherServlet'
2020-06-22 17:27:40.352  INFO 19608 --- [o-auto-1-exec-1] o.s.web.servlet.DispatcherServlet        : Initializing Servlet 'dispatcherServlet'
2020-06-22 17:27:40.460  INFO 19608 --- [o-auto-1-exec-1] o.s.web.servlet.DispatcherServlet        : Completed initialization in 101 ms
]]></system-out>
  <system-err><![CDATA[]]></system-err>
</testsuite>
