<?xml version="1.0" encoding="UTF-8"?>
<testsuite name="com.test.gunju.book.IndexControllerTest" tests="1" skipped="0" failures="0" errors="0" timestamp="2020-07-05T12:11:39" hostname="Gunjuui-MacBookPro.local" time="0.13">
  <properties/>
  <testcase name="mainpage_loading" classname="com.test.gunju.book.IndexControllerTest" time="0.13"/>
  <system-out><![CDATA[2020-07-05 21:11:39.186  INFO 23412 --- [    Test worker] .b.t.c.SpringBootTestContextBootstrapper : Neither @ContextConfiguration nor @ContextHierarchy found for test class [com.test.gunju.book.IndexControllerTest], using SpringBootContextLoader
2020-07-05 21:11:39.187  INFO 23412 --- [    Test worker] o.s.t.c.support.AbstractContextLoader    : Could not detect default resource locations for test class [com.test.gunju.book.IndexControllerTest]: no resource found for suffixes {-context.xml, Context.groovy}.
2020-07-05 21:11:39.188  INFO 23412 --- [    Test worker] t.c.s.AnnotationConfigContextLoaderUtils : Could not detect default configuration classes for test class [com.test.gunju.book.IndexControllerTest]: IndexControllerTest does not declare any static, non-private, non-final, nested classes annotated with @Configuration.
2020-07-05 21:11:39.189  INFO 23412 --- [    Test worker] .b.t.c.SpringBootTestContextBootstrapper : Found @SpringBootConfiguration com.test.gunju.book.Appilication for test class com.test.gunju.book.IndexControllerTest
2020-07-05 21:11:39.190  INFO 23412 --- [    Test worker] .b.t.c.SpringBootTestContextBootstrapper : Loaded default TestExecutionListener class names from location [META-INF/spring.factories]: [org.springframework.security.test.context.support.WithSecurityContextTestExecutionListener, org.springframework.security.test.context.support.ReactorContextTestExecutionListener, org.springframework.boot.test.autoconfigure.restdocs.RestDocsTestExecutionListener, org.springframework.boot.test.autoconfigure.web.client.MockRestServiceServerResetTestExecutionListener, org.springframework.boot.test.autoconfigure.web.servlet.MockMvcPrintOnlyOnFailureTestExecutionListener, org.springframework.boot.test.autoconfigure.web.servlet.WebDriverTestExecutionListener, org.springframework.boot.test.mock.mockito.MockitoTestExecutionListener, org.springframework.boot.test.mock.mockito.ResetMocksTestExecutionListener, org.springframework.test.context.web.ServletTestExecutionListener, org.springframework.test.context.support.DirtiesContextBeforeModesTestExecutionListener, org.springframework.test.context.support.DependencyInjectionTestExecutionListener, org.springframework.test.context.support.DirtiesContextTestExecutionListener, org.springframework.test.context.transaction.TransactionalTestExecutionListener, org.springframework.test.context.jdbc.SqlScriptsTestExecutionListener]
2020-07-05 21:11:39.191  INFO 23412 --- [    Test worker] .b.t.c.SpringBootTestContextBootstrapper : Using TestExecutionListeners: [org.springframework.test.context.web.ServletTestExecutionListener@2a9dacf8, org.springframework.test.context.support.DirtiesContextBeforeModesTestExecutionListener@16648744, org.springframework.boot.test.mock.mockito.MockitoTestExecutionListener@537b1ff9, org.springframework.boot.test.autoconfigure.SpringBootDependencyInjectionTestExecutionListener@7c2b8bed, org.springframework.test.context.support.DirtiesContextTestExecutionListener@3b1612fc, org.springframework.test.context.transaction.TransactionalTestExecutionListener@97afc7d, org.springframework.test.context.jdbc.SqlScriptsTestExecutionListener@275be7c, org.springframework.security.test.context.support.WithSecurityContextTestExecutionListener@2221293c, org.springframework.security.test.context.support.ReactorContextTestExecutionListener@29ab5e76, org.springframework.boot.test.autoconfigure.restdocs.RestDocsTestExecutionListener@776cd62a, org.springframework.boot.test.autoconfigure.web.client.MockRestServiceServerResetTestExecutionListener@584500e5, org.springframework.boot.test.autoconfigure.web.servlet.MockMvcPrintOnlyOnFailureTestExecutionListener@7306ba18, org.springframework.boot.test.autoconfigure.web.servlet.WebDriverTestExecutionListener@2d12e0, org.springframework.boot.test.mock.mockito.ResetMocksTestExecutionListener@11e15949]
2020-07-05 21:11:39.268  INFO 23412 --- [o-auto-1-exec-1] o.a.c.c.C.[Tomcat].[localhost].[/]       : Initializing Spring DispatcherServlet 'dispatcherServlet'
2020-07-05 21:11:39.269  INFO 23412 --- [o-auto-1-exec-1] o.s.web.servlet.DispatcherServlet        : Initializing Servlet 'dispatcherServlet'
2020-07-05 21:11:39.272  INFO 23412 --- [o-auto-1-exec-1] o.s.web.servlet.DispatcherServlet        : Completed initialization in 3 ms
Hibernate: select posts0_.id as id1_0_, posts0_.created_date as created_2_0_, posts0_.modified_date as modified3_0_, posts0_.author as author4_0_, posts0_.content as content5_0_, posts0_.title as title6_0_ from posts posts0_ order by posts0_.id DESC
]]></system-out>
  <system-err><![CDATA[]]></system-err>
</testsuite>
