<?xml version="1.0" encoding="UTF-8"?>
<testsuite name="com.test.gunju.book.domain.posts.PostsRepositoryTest" tests="2" skipped="0" failures="0" errors="0" timestamp="2020-07-05T12:11:38" hostname="Gunjuui-MacBookPro.local" time="0.029">
  <properties/>
  <testcase name="call_board_save" classname="com.test.gunju.book.domain.posts.PostsRepositoryTest" time="0.019"/>
  <testcase name="BaseTimeEntity_regist" classname="com.test.gunju.book.domain.posts.PostsRepositoryTest" time="0.009"/>
  <system-out><![CDATA[2020-07-05 21:11:37.313  INFO 23412 --- [    Test worker] .b.t.c.SpringBootTestContextBootstrapper : Neither @ContextConfiguration nor @ContextHierarchy found for test class [com.test.gunju.book.domain.posts.PostsRepositoryTest], using SpringBootContextLoader
2020-07-05 21:11:37.314  INFO 23412 --- [    Test worker] o.s.t.c.support.AbstractContextLoader    : Could not detect default resource locations for test class [com.test.gunju.book.domain.posts.PostsRepositoryTest]: no resource found for suffixes {-context.xml, Context.groovy}.
2020-07-05 21:11:37.314  INFO 23412 --- [    Test worker] t.c.s.AnnotationConfigContextLoaderUtils : Could not detect default configuration classes for test class [com.test.gunju.book.domain.posts.PostsRepositoryTest]: PostsRepositoryTest does not declare any static, non-private, non-final, nested classes annotated with @Configuration.
2020-07-05 21:11:37.323  INFO 23412 --- [    Test worker] .b.t.c.SpringBootTestContextBootstrapper : Found @SpringBootConfiguration com.test.gunju.book.Appilication for test class com.test.gunju.book.domain.posts.PostsRepositoryTest
2020-07-05 21:11:37.324  INFO 23412 --- [    Test worker] .b.t.c.SpringBootTestContextBootstrapper : Loaded default TestExecutionListener class names from location [META-INF/spring.factories]: [org.springframework.security.test.context.support.WithSecurityContextTestExecutionListener, org.springframework.security.test.context.support.ReactorContextTestExecutionListener, org.springframework.boot.test.autoconfigure.restdocs.RestDocsTestExecutionListener, org.springframework.boot.test.autoconfigure.web.client.MockRestServiceServerResetTestExecutionListener, org.springframework.boot.test.autoconfigure.web.servlet.MockMvcPrintOnlyOnFailureTestExecutionListener, org.springframework.boot.test.autoconfigure.web.servlet.WebDriverTestExecutionListener, org.springframework.boot.test.mock.mockito.MockitoTestExecutionListener, org.springframework.boot.test.mock.mockito.ResetMocksTestExecutionListener, org.springframework.test.context.web.ServletTestExecutionListener, org.springframework.test.context.support.DirtiesContextBeforeModesTestExecutionListener, org.springframework.test.context.support.DependencyInjectionTestExecutionListener, org.springframework.test.context.support.DirtiesContextTestExecutionListener, org.springframework.test.context.transaction.TransactionalTestExecutionListener, org.springframework.test.context.jdbc.SqlScriptsTestExecutionListener]
2020-07-05 21:11:37.325  INFO 23412 --- [    Test worker] .b.t.c.SpringBootTestContextBootstrapper : Using TestExecutionListeners: [org.springframework.test.context.web.ServletTestExecutionListener@95d3c21, org.springframework.test.context.support.DirtiesContextBeforeModesTestExecutionListener@4febadd4, org.springframework.boot.test.mock.mockito.MockitoTestExecutionListener@47abd619, org.springframework.boot.test.autoconfigure.SpringBootDependencyInjectionTestExecutionListener@14e30d4f, org.springframework.test.context.support.DirtiesContextTestExecutionListener@743f87c6, org.springframework.test.context.transaction.TransactionalTestExecutionListener@66a80198, org.springframework.test.context.jdbc.SqlScriptsTestExecutionListener@7f2a084a, org.springframework.security.test.context.support.WithSecurityContextTestExecutionListener@73afeb95, org.springframework.security.test.context.support.ReactorContextTestExecutionListener@7b264391, org.springframework.boot.test.autoconfigure.restdocs.RestDocsTestExecutionListener@5da429ac, org.springframework.boot.test.autoconfigure.web.client.MockRestServiceServerResetTestExecutionListener@7263120a, org.springframework.boot.test.autoconfigure.web.servlet.MockMvcPrintOnlyOnFailureTestExecutionListener@7e1cbc90, org.springframework.boot.test.autoconfigure.web.servlet.WebDriverTestExecutionListener@376f4209, org.springframework.boot.test.mock.mockito.ResetMocksTestExecutionListener@4bfae401]

  .   ____          _            __ _ _
 /\\ / ___'_ __ _ _(_)_ __  __ _ \ \ \ \
( ( )\___ | '_ | '_| | '_ \/ _` | \ \ \ \
 \\/  ___)| |_)| | | | | || (_| |  ) ) ) )
  '  |____| .__|_| |_|_| |_\__, | / / / /
 =========|_|==============|___/=/_/_/_/
 :: Spring Boot ::        (v2.1.7.RELEASE)

2020-07-05 21:11:37.371  INFO 23412 --- [    Test worker] c.t.g.b.d.posts.PostsRepositoryTest      : Starting PostsRepositoryTest on Gunjuui-MacBookPro.local with PID 23412 (started by gunju in /Users/gunju/workspace/gunju-aws)
2020-07-05 21:11:37.371  INFO 23412 --- [    Test worker] c.t.g.b.d.posts.PostsRepositoryTest      : The following profiles are active: oauth
2020-07-05 21:11:37.545  INFO 23412 --- [    Test worker] .s.d.r.c.RepositoryConfigurationDelegate : Bootstrapping Spring Data repositories in DEFAULT mode.
2020-07-05 21:11:37.558  INFO 23412 --- [    Test worker] .s.d.r.c.RepositoryConfigurationDelegate : Finished Spring Data repository scanning in 13ms. Found 2 repository interfaces.
2020-07-05 21:11:37.645  INFO 23412 --- [    Test worker] trationDelegate$BeanPostProcessorChecker : Bean 'org.springframework.transaction.annotation.ProxyTransactionManagementConfiguration' of type [org.springframework.transaction.annotation.ProxyTransactionManagementConfiguration$$EnhancerBySpringCGLIB$$a6a2e288] is not eligible for getting processed by all BeanPostProcessors (for example: not eligible for auto-proxying)
2020-07-05 21:11:37.714  INFO 23412 --- [    Test worker] com.zaxxer.hikari.HikariDataSource       : HikariPool-2 - Starting...
2020-07-05 21:11:37.715  INFO 23412 --- [    Test worker] com.zaxxer.hikari.HikariDataSource       : HikariPool-2 - Start completed.
2020-07-05 21:11:37.731  INFO 23412 --- [    Test worker] o.hibernate.jpa.internal.util.LogHelper  : HHH000204: Processing PersistenceUnitInfo [
	name: default
	...]
2020-07-05 21:11:37.736  INFO 23412 --- [    Test worker] org.hibernate.dialect.Dialect            : HHH000400: Using dialect: org.hibernate.dialect.MySQL5InnoDBDialect
Hibernate: drop table if exists posts
Hibernate: drop table if exists user
Hibernate: create table posts (id bigint not null auto_increment, created_date datetime, modified_date datetime, author varchar(255), content TEXT not null, title varchar(500) not null, primary key (id)) engine=InnoDB
Hibernate: create table user (id bigint not null auto_increment, created_date datetime, modified_date datetime, email varchar(255) not null, name varchar(255) not null, picture varchar(255), role varchar(255) not null, primary key (id)) engine=InnoDB
2020-07-05 21:11:37.776  INFO 23412 --- [    Test worker] o.h.t.schema.internal.SchemaCreatorImpl  : HHH000476: Executing import script 'org.hibernate.tool.schema.internal.exec.ScriptSourceInputNonExistentImpl@6427fd0a'
2020-07-05 21:11:37.776  INFO 23412 --- [    Test worker] j.LocalContainerEntityManagerFactoryBean : Initialized JPA EntityManagerFactory for persistence unit 'default'
2020-07-05 21:11:37.921  INFO 23412 --- [    Test worker] o.h.h.i.QueryTranslatorFactoryInitiator  : HHH000397: Using ASTQueryTranslatorFactory
2020-07-05 21:11:38.040  INFO 23412 --- [    Test worker] o.s.s.web.DefaultSecurityFilterChain     : Creating filter chain: any request, [org.springframework.security.web.context.request.async.WebAsyncManagerIntegrationFilter@326da25a, org.springframework.security.web.context.SecurityContextPersistenceFilter@7144ed1c, org.springframework.security.web.header.HeaderWriterFilter@16566013, org.springframework.security.web.authentication.logout.LogoutFilter@154d50f4, org.springframework.security.oauth2.client.web.OAuth2AuthorizationRequestRedirectFilter@2dbeacfc, org.springframework.security.oauth2.client.web.OAuth2LoginAuthenticationFilter@35a88b25, org.springframework.security.web.authentication.ui.DefaultLoginPageGeneratingFilter@43377983, org.springframework.security.web.authentication.ui.DefaultLogoutPageGeneratingFilter@2c1f2d83, org.springframework.security.web.savedrequest.RequestCacheAwareFilter@1fc33cbb, org.springframework.security.web.servletapi.SecurityContextHolderAwareRequestFilter@3ab081a8, org.springframework.security.web.authentication.AnonymousAuthenticationFilter@749ebdb0, org.springframework.security.web.session.SessionManagementFilter@76f1f1ec, org.springframework.security.web.access.ExceptionTranslationFilter@2d987e39, org.springframework.security.web.access.intercept.FilterSecurityInterceptor@25076d71]
2020-07-05 21:11:38.230  INFO 23412 --- [    Test worker] o.s.s.concurrent.ThreadPoolTaskExecutor  : Initializing ExecutorService 'applicationTaskExecutor'
2020-07-05 21:11:38.248  WARN 23412 --- [    Test worker] aWebConfiguration$JpaWebMvcConfiguration : spring.jpa.open-in-view is enabled by default. Therefore, database queries may be performed during view rendering. Explicitly configure spring.jpa.open-in-view to disable this warning
2020-07-05 21:11:38.271  INFO 23412 --- [    Test worker] o.s.b.a.w.s.WelcomePageHandlerMapping    : Adding welcome page template: index
2020-07-05 21:11:38.539  INFO 23412 --- [    Test worker] s.a.ScheduledAnnotationBeanPostProcessor : No TaskScheduler/ScheduledExecutorService bean found for scheduled processing
2020-07-05 21:11:38.540  INFO 23412 --- [    Test worker] c.t.g.b.d.posts.PostsRepositoryTest      : Started PostsRepositoryTest in 1.21 seconds (JVM running for 7.591)
Hibernate: insert into posts (created_date, modified_date, author, content, title) values (?, ?, ?, ?, ?)
Hibernate: select posts0_.id as id1_0_, posts0_.created_date as created_2_0_, posts0_.modified_date as modified3_0_, posts0_.author as author4_0_, posts0_.content as content5_0_, posts0_.title as title6_0_ from posts posts0_
Hibernate: select posts0_.id as id1_0_, posts0_.created_date as created_2_0_, posts0_.modified_date as modified3_0_, posts0_.author as author4_0_, posts0_.content as content5_0_, posts0_.title as title6_0_ from posts posts0_
Hibernate: delete from posts where id=?
Hibernate: insert into posts (created_date, modified_date, author, content, title) values (?, ?, ?, ?, ?)
Hibernate: select posts0_.id as id1_0_, posts0_.created_date as created_2_0_, posts0_.modified_date as modified3_0_, posts0_.author as author4_0_, posts0_.content as content5_0_, posts0_.title as title6_0_ from posts posts0_
>>>>>>>>>>>>>>>>createDate = 2020-07-05T21:11:38.566900, modifiedDate = 2020-07-05T21:11:38.566900
Hibernate: select posts0_.id as id1_0_, posts0_.created_date as created_2_0_, posts0_.modified_date as modified3_0_, posts0_.author as author4_0_, posts0_.content as content5_0_, posts0_.title as title6_0_ from posts posts0_
Hibernate: delete from posts where id=?
]]></system-out>
  <system-err><![CDATA[]]></system-err>
</testsuite>
