<?xml version="1.0" encoding="UTF-8"?>
<testsuite name="com.test.gunju.book.HelloResponseDtoTest" tests="1" skipped="0" failures="0" errors="0" timestamp="2020-07-01T04:58:26" hostname="DESKTOP-14CCT3P" time="0.006">
  <properties/>
  <testcase name="lombok_function_test" classname="com.test.gunju.book.HelloResponseDtoTest" time="0.006"/>
  <system-out><![CDATA[]]></system-out>
  <system-err><![CDATA[]]></system-err>
</testsuite>
