<?xml version="1.0" encoding="UTF-8"?>
<testsuite name="com.test.gunju.book.HelloControllerTest" tests="2" skipped="0" failures="0" errors="0" timestamp="2020-07-05T12:11:39" hostname="Gunjuui-MacBookPro.local" time="0.033">
  <properties/>
  <testcase name="helloDto_return" classname="com.test.gunju.book.HelloControllerTest" time="0.026"/>
  <testcase name="hello_return" classname="com.test.gunju.book.HelloControllerTest" time="0.006"/>
  <system-out><![CDATA[2020-07-05 21:11:38.578  INFO 23412 --- [    Test worker] .b.t.a.w.s.WebMvcTestContextBootstrapper : Neither @ContextConfiguration nor @ContextHierarchy found for test class [com.test.gunju.book.HelloControllerTest], using SpringBootContextLoader
2020-07-05 21:11:38.579  INFO 23412 --- [    Test worker] o.s.t.c.support.AbstractContextLoader    : Could not detect default resource locations for test class [com.test.gunju.book.HelloControllerTest]: no resource found for suffixes {-context.xml, Context.groovy}.
2020-07-05 21:11:38.579  INFO 23412 --- [    Test worker] t.c.s.AnnotationConfigContextLoaderUtils : Could not detect default configuration classes for test class [com.test.gunju.book.HelloControllerTest]: HelloControllerTest does not declare any static, non-private, non-final, nested classes annotated with @Configuration.
2020-07-05 21:11:38.594  INFO 23412 --- [    Test worker] .b.t.c.SpringBootTestContextBootstrapper : Found @SpringBootConfiguration com.test.gunju.book.Appilication for test class com.test.gunju.book.HelloControllerTest
2020-07-05 21:11:38.595  INFO 23412 --- [    Test worker] .b.t.a.w.s.WebMvcTestContextBootstrapper : Loaded default TestExecutionListener class names from location [META-INF/spring.factories]: [org.springframework.security.test.context.support.WithSecurityContextTestExecutionListener, org.springframework.security.test.context.support.ReactorContextTestExecutionListener, org.springframework.boot.test.autoconfigure.restdocs.RestDocsTestExecutionListener, org.springframework.boot.test.autoconfigure.web.client.MockRestServiceServerResetTestExecutionListener, org.springframework.boot.test.autoconfigure.web.servlet.MockMvcPrintOnlyOnFailureTestExecutionListener, org.springframework.boot.test.autoconfigure.web.servlet.WebDriverTestExecutionListener, org.springframework.boot.test.mock.mockito.MockitoTestExecutionListener, org.springframework.boot.test.mock.mockito.ResetMocksTestExecutionListener, org.springframework.test.context.web.ServletTestExecutionListener, org.springframework.test.context.support.DirtiesContextBeforeModesTestExecutionListener, org.springframework.test.context.support.DependencyInjectionTestExecutionListener, org.springframework.test.context.support.DirtiesContextTestExecutionListener, org.springframework.test.context.transaction.TransactionalTestExecutionListener, org.springframework.test.context.jdbc.SqlScriptsTestExecutionListener]
2020-07-05 21:11:38.596  INFO 23412 --- [    Test worker] .b.t.a.w.s.WebMvcTestContextBootstrapper : Using TestExecutionListeners: [org.springframework.test.context.web.ServletTestExecutionListener@29197fe0, org.springframework.test.context.support.DirtiesContextBeforeModesTestExecutionListener@2333a781, org.springframework.boot.test.mock.mockito.MockitoTestExecutionListener@cd7fb01, org.springframework.boot.test.autoconfigure.SpringBootDependencyInjectionTestExecutionListener@665a6ee5, org.springframework.test.context.support.DirtiesContextTestExecutionListener@4deebb1, org.springframework.test.context.transaction.TransactionalTestExecutionListener@3a6f5b04, org.springframework.test.context.jdbc.SqlScriptsTestExecutionListener@9d3a0bb, org.springframework.security.test.context.support.WithSecurityContextTestExecutionListener@3ccbda22, org.springframework.security.test.context.support.ReactorContextTestExecutionListener@4f3b2d69, org.springframework.boot.test.autoconfigure.restdocs.RestDocsTestExecutionListener@fccf8f1, org.springframework.boot.test.autoconfigure.web.client.MockRestServiceServerResetTestExecutionListener@1b0e47cb, org.springframework.boot.test.autoconfigure.web.servlet.MockMvcPrintOnlyOnFailureTestExecutionListener@79f68442, org.springframework.boot.test.autoconfigure.web.servlet.WebDriverTestExecutionListener@6fb0be70, org.springframework.boot.test.mock.mockito.ResetMocksTestExecutionListener@753c807]

  .   ____          _            __ _ _
 /\\ / ___'_ __ _ _(_)_ __  __ _ \ \ \ \
( ( )\___ | '_ | '_| | '_ \/ _` | \ \ \ \
 \\/  ___)| |_)| | | | | || (_| |  ) ) ) )
  '  |____| .__|_| |_|_| |_\__, | / / / /
 =========|_|==============|___/=/_/_/_/
 :: Spring Boot ::        (v2.1.7.RELEASE)

2020-07-05 21:11:38.624  INFO 23412 --- [    Test worker] com.test.gunju.book.HelloControllerTest  : Starting HelloControllerTest on Gunjuui-MacBookPro.local with PID 23412 (started by gunju in /Users/gunju/workspace/gunju-aws)
2020-07-05 21:11:38.625  INFO 23412 --- [    Test worker] com.test.gunju.book.HelloControllerTest  : The following profiles are active: oauth
2020-07-05 21:11:38.902  INFO 23412 --- [    Test worker] o.s.s.concurrent.ThreadPoolTaskExecutor  : Initializing ExecutorService 'applicationTaskExecutor'
2020-07-05 21:11:38.921  INFO 23412 --- [    Test worker] o.s.b.a.w.s.WelcomePageHandlerMapping    : Adding welcome page template: index
2020-07-05 21:11:39.041  INFO 23412 --- [    Test worker] .s.s.UserDetailsServiceAutoConfiguration : 

Using generated security password: b41e11aa-6ca8-4fcd-b820-be235ff99e12

2020-07-05 21:11:39.116  INFO 23412 --- [    Test worker] o.s.s.web.DefaultSecurityFilterChain     : Creating filter chain: any request, [org.springframework.security.web.context.request.async.WebAsyncManagerIntegrationFilter@72763fd2, org.springframework.security.web.context.SecurityContextPersistenceFilter@239ad0d8, org.springframework.security.web.header.HeaderWriterFilter@6447ce80, org.springframework.security.web.csrf.CsrfFilter@6cce6799, org.springframework.security.web.authentication.logout.LogoutFilter@4e3629dc, org.springframework.security.web.authentication.UsernamePasswordAuthenticationFilter@6fb82c7, org.springframework.security.web.authentication.ui.DefaultLoginPageGeneratingFilter@65a5c244, org.springframework.security.web.authentication.ui.DefaultLogoutPageGeneratingFilter@47d16c79, org.springframework.security.web.authentication.www.BasicAuthenticationFilter@45723242, org.springframework.security.web.savedrequest.RequestCacheAwareFilter@10b08816, org.springframework.security.web.servletapi.SecurityContextHolderAwareRequestFilter@4ad9774e, org.springframework.security.web.authentication.AnonymousAuthenticationFilter@13e5b6e3, org.springframework.security.web.session.SessionManagementFilter@7b2a9f3e, org.springframework.security.web.access.ExceptionTranslationFilter@27329568, org.springframework.security.web.access.intercept.FilterSecurityInterceptor@554c93b1]
2020-07-05 21:11:39.127  INFO 23412 --- [    Test worker] o.s.b.t.m.w.SpringBootMockServletContext : Initializing Spring TestDispatcherServlet ''
2020-07-05 21:11:39.128  INFO 23412 --- [    Test worker] o.s.t.web.servlet.TestDispatcherServlet  : Initializing Servlet ''
2020-07-05 21:11:39.133  INFO 23412 --- [    Test worker] o.s.t.web.servlet.TestDispatcherServlet  : Completed initialization in 5 ms
2020-07-05 21:11:39.150  INFO 23412 --- [    Test worker] com.test.gunju.book.HelloControllerTest  : Started HelloControllerTest in 0.552 seconds (JVM running for 8.2)
]]></system-out>
  <system-err><![CDATA[]]></system-err>
</testsuite>
