<?xml version="1.0" encoding="UTF-8"?>
<testsuite name="com.test.gunju.book.domain.posts.PostsRepositoryTest" tests="2" skipped="0" failures="0" errors="0" timestamp="2020-07-01T04:58:25" hostname="DESKTOP-14CCT3P" time="0.281">
  <properties/>
  <testcase name="call_board_save" classname="com.test.gunju.book.domain.posts.PostsRepositoryTest" time="0.22"/>
  <testcase name="BaseTimeEntity_regist" classname="com.test.gunju.book.domain.posts.PostsRepositoryTest" time="0.054"/>
  <system-out><![CDATA[2020-07-01 13:58:12.251  INFO 9568 --- [    Test worker] .b.t.c.SpringBootTestContextBootstrapper : Neither @ContextConfiguration nor @ContextHierarchy found for test class [com.test.gunju.book.domain.posts.PostsRepositoryTest], using SpringBootContextLoader
2020-07-01 13:58:12.262  INFO 9568 --- [    Test worker] o.s.t.c.support.AbstractContextLoader    : Could not detect default resource locations for test class [com.test.gunju.book.domain.posts.PostsRepositoryTest]: no resource found for suffixes {-context.xml, Context.groovy}.
2020-07-01 13:58:12.263  INFO 9568 --- [    Test worker] t.c.s.AnnotationConfigContextLoaderUtils : Could not detect default configuration classes for test class [com.test.gunju.book.domain.posts.PostsRepositoryTest]: PostsRepositoryTest does not declare any static, non-private, non-final, nested classes annotated with @Configuration.
2020-07-01 13:58:12.440  INFO 9568 --- [    Test worker] .b.t.c.SpringBootTestContextBootstrapper : Found @SpringBootConfiguration com.test.gunju.book.Appilication for test class com.test.gunju.book.domain.posts.PostsRepositoryTest
2020-07-01 13:58:12.447  INFO 9568 --- [    Test worker] .b.t.c.SpringBootTestContextBootstrapper : Loaded default TestExecutionListener class names from location [META-INF/spring.factories]: [org.springframework.boot.test.autoconfigure.restdocs.RestDocsTestExecutionListener, org.springframework.boot.test.autoconfigure.web.client.MockRestServiceServerResetTestExecutionListener, org.springframework.boot.test.autoconfigure.web.servlet.MockMvcPrintOnlyOnFailureTestExecutionListener, org.springframework.boot.test.autoconfigure.web.servlet.WebDriverTestExecutionListener, org.springframework.boot.test.mock.mockito.MockitoTestExecutionListener, org.springframework.boot.test.mock.mockito.ResetMocksTestExecutionListener, org.springframework.test.context.web.ServletTestExecutionListener, org.springframework.test.context.support.DirtiesContextBeforeModesTestExecutionListener, org.springframework.test.context.support.DependencyInjectionTestExecutionListener, org.springframework.test.context.support.DirtiesContextTestExecutionListener, org.springframework.test.context.transaction.TransactionalTestExecutionListener, org.springframework.test.context.jdbc.SqlScriptsTestExecutionListener]
2020-07-01 13:58:12.448  INFO 9568 --- [    Test worker] .b.t.c.SpringBootTestContextBootstrapper : Using TestExecutionListeners: [org.springframework.test.context.web.ServletTestExecutionListener@1b29050f, org.springframework.test.context.support.DirtiesContextBeforeModesTestExecutionListener@deb9432, org.springframework.boot.test.mock.mockito.MockitoTestExecutionListener@3435998c, org.springframework.boot.test.autoconfigure.SpringBootDependencyInjectionTestExecutionListener@6b6823d2, org.springframework.test.context.support.DirtiesContextTestExecutionListener@383a52cd, org.springframework.test.context.transaction.TransactionalTestExecutionListener@69a11bfc, org.springframework.test.context.jdbc.SqlScriptsTestExecutionListener@714006bd, org.springframework.boot.test.autoconfigure.restdocs.RestDocsTestExecutionListener@5b1cddf4, org.springframework.boot.test.autoconfigure.web.client.MockRestServiceServerResetTestExecutionListener@315a5060, org.springframework.boot.test.autoconfigure.web.servlet.MockMvcPrintOnlyOnFailureTestExecutionListener@50c5d34c, org.springframework.boot.test.autoconfigure.web.servlet.WebDriverTestExecutionListener@21415207, org.springframework.boot.test.mock.mockito.ResetMocksTestExecutionListener@1c8fd8a6]

  .   ____          _            __ _ _
 /\\ / ___'_ __ _ _(_)_ __  __ _ \ \ \ \
( ( )\___ | '_ | '_| | '_ \/ _` | \ \ \ \
 \\/  ___)| |_)| | | | | || (_| |  ) ) ) )
  '  |____| .__|_| |_|_| |_\__, | / / / /
 =========|_|==============|___/=/_/_/_/
 :: Spring Boot ::        (v2.1.7.RELEASE)

2020-07-01 13:58:12.856  INFO 9568 --- [    Test worker] c.t.g.b.d.posts.PostsRepositoryTest      : Starting PostsRepositoryTest on DESKTOP-14CCT3P with PID 9568 (started by Gunju in C:\Users\Gunju\IdeaProjects\com.test.gunju)
2020-07-01 13:58:12.856  INFO 9568 --- [    Test worker] c.t.g.b.d.posts.PostsRepositoryTest      : The following profiles are active: oauth
2020-07-01 13:58:15.220  INFO 9568 --- [    Test worker] .s.d.r.c.RepositoryConfigurationDelegate : Bootstrapping Spring Data repositories in DEFAULT mode.
2020-07-01 13:58:15.979  INFO 9568 --- [    Test worker] .s.d.r.c.RepositoryConfigurationDelegate : Finished Spring Data repository scanning in 757ms. Found 2 repository interfaces.
2020-07-01 13:58:17.906  INFO 9568 --- [    Test worker] trationDelegate$BeanPostProcessorChecker : Bean 'org.springframework.transaction.annotation.ProxyTransactionManagementConfiguration' of type [org.springframework.transaction.annotation.ProxyTransactionManagementConfiguration$$EnhancerBySpringCGLIB$$ce5bdb40] is not eligible for getting processed by all BeanPostProcessors (for example: not eligible for auto-proxying)
2020-07-01 13:58:19.073  INFO 9568 --- [    Test worker] com.zaxxer.hikari.HikariDataSource       : HikariPool-2 - Starting...
2020-07-01 13:58:19.081  INFO 9568 --- [    Test worker] com.zaxxer.hikari.HikariDataSource       : HikariPool-2 - Start completed.
2020-07-01 13:58:19.382  INFO 9568 --- [    Test worker] o.hibernate.jpa.internal.util.LogHelper  : HHH000204: Processing PersistenceUnitInfo [
	name: default
	...]
2020-07-01 13:58:19.490  INFO 9568 --- [    Test worker] org.hibernate.dialect.Dialect            : HHH000400: Using dialect: org.hibernate.dialect.MySQL5InnoDBDialect
Hibernate: drop table if exists posts
Hibernate: drop table if exists user
Hibernate: create table posts (id bigint not null auto_increment, created_date datetime, modified_date datetime, author varchar(255), content TEXT not null, title varchar(500) not null, primary key (id)) engine=InnoDB
Hibernate: create table user (id bigint not null auto_increment, created_date datetime, modified_date datetime, email varchar(255) not null, name varchar(255) not null, picture varchar(255), role varchar(255) not null, primary key (id)) engine=InnoDB
2020-07-01 13:58:19.780  INFO 9568 --- [    Test worker] o.h.t.schema.internal.SchemaCreatorImpl  : HHH000476: Executing import script 'org.hibernate.tool.schema.internal.exec.ScriptSourceInputNonExistentImpl@3e555f26'
2020-07-01 13:58:19.781  INFO 9568 --- [    Test worker] j.LocalContainerEntityManagerFactoryBean : Initialized JPA EntityManagerFactory for persistence unit 'default'
2020-07-01 13:58:20.745  INFO 9568 --- [    Test worker] o.h.h.i.QueryTranslatorFactoryInitiator  : HHH000397: Using ASTQueryTranslatorFactory
2020-07-01 13:58:21.958  INFO 9568 --- [    Test worker] o.s.s.web.DefaultSecurityFilterChain     : Creating filter chain: any request, [org.springframework.security.web.context.request.async.WebAsyncManagerIntegrationFilter@65199654, org.springframework.security.web.context.SecurityContextPersistenceFilter@416a70aa, org.springframework.security.web.header.HeaderWriterFilter@24b4914d, org.springframework.security.web.authentication.logout.LogoutFilter@246624c, org.springframework.security.oauth2.client.web.OAuth2AuthorizationRequestRedirectFilter@1e5ef3fd, org.springframework.security.oauth2.client.web.OAuth2LoginAuthenticationFilter@52bacb95, org.springframework.security.web.authentication.ui.DefaultLoginPageGeneratingFilter@103bbfc1, org.springframework.security.web.authentication.ui.DefaultLogoutPageGeneratingFilter@6dd2454d, org.springframework.security.web.savedrequest.RequestCacheAwareFilter@22298fa9, org.springframework.security.web.servletapi.SecurityContextHolderAwareRequestFilter@22974c58, org.springframework.security.web.authentication.AnonymousAuthenticationFilter@4fa8211, org.springframework.security.web.session.SessionManagementFilter@2dd3e9b2, org.springframework.security.web.access.ExceptionTranslationFilter@3bdb0f69, org.springframework.security.web.access.intercept.FilterSecurityInterceptor@1d22ac26]
2020-07-01 13:58:23.295  INFO 9568 --- [    Test worker] o.s.s.concurrent.ThreadPoolTaskExecutor  : Initializing ExecutorService 'applicationTaskExecutor'
2020-07-01 13:58:23.335  WARN 9568 --- [    Test worker] aWebConfiguration$JpaWebMvcConfiguration : spring.jpa.open-in-view is enabled by default. Therefore, database queries may be performed during view rendering. Explicitly configure spring.jpa.open-in-view to disable this warning
2020-07-01 13:58:23.429  INFO 9568 --- [    Test worker] o.s.b.a.w.s.WelcomePageHandlerMapping    : Adding welcome page template: index
2020-07-01 13:58:25.666  INFO 9568 --- [    Test worker] s.a.ScheduledAnnotationBeanPostProcessor : No TaskScheduler/ScheduledExecutorService bean found for scheduled processing
2020-07-01 13:58:25.686  INFO 9568 --- [    Test worker] c.t.g.b.d.posts.PostsRepositoryTest      : Started PostsRepositoryTest in 13.231 seconds (JVM running for 87.453)
Hibernate: insert into posts (created_date, modified_date, author, content, title) values (?, ?, ?, ?, ?)
Hibernate: select posts0_.id as id1_0_, posts0_.created_date as created_2_0_, posts0_.modified_date as modified3_0_, posts0_.author as author4_0_, posts0_.content as content5_0_, posts0_.title as title6_0_ from posts posts0_
Hibernate: select posts0_.id as id1_0_, posts0_.created_date as created_2_0_, posts0_.modified_date as modified3_0_, posts0_.author as author4_0_, posts0_.content as content5_0_, posts0_.title as title6_0_ from posts posts0_
Hibernate: delete from posts where id=?
Hibernate: insert into posts (created_date, modified_date, author, content, title) values (?, ?, ?, ?, ?)
Hibernate: select posts0_.id as id1_0_, posts0_.created_date as created_2_0_, posts0_.modified_date as modified3_0_, posts0_.author as author4_0_, posts0_.content as content5_0_, posts0_.title as title6_0_ from posts posts0_
>>>>>>>>>>>>>>>>createDate = 2020-07-01T13:58:25.965751, modifiedDate = 2020-07-01T13:58:25.965751
Hibernate: select posts0_.id as id1_0_, posts0_.created_date as created_2_0_, posts0_.modified_date as modified3_0_, posts0_.author as author4_0_, posts0_.content as content5_0_, posts0_.title as title6_0_ from posts posts0_
Hibernate: delete from posts where id=?
]]></system-out>
  <system-err><![CDATA[]]></system-err>
</testsuite>
