<?xml version="1.0" encoding="UTF-8"?>
<testsuite name="com.test.gunju.book.IndexControllerTest" tests="1" skipped="0" failures="0" errors="0" timestamp="2020-07-01T04:58:26" hostname="DESKTOP-14CCT3P" time="0.361">
  <properties/>
  <testcase name="mainpage_loading" classname="com.test.gunju.book.IndexControllerTest" time="0.361"/>
  <system-out><![CDATA[2020-07-01 13:58:26.031  INFO 9568 --- [    Test worker] .b.t.c.SpringBootTestContextBootstrapper : Neither @ContextConfiguration nor @ContextHierarchy found for test class [com.test.gunju.book.IndexControllerTest], using SpringBootContextLoader
2020-07-01 13:58:26.034  INFO 9568 --- [    Test worker] o.s.t.c.support.AbstractContextLoader    : Could not detect default resource locations for test class [com.test.gunju.book.IndexControllerTest]: no resource found for suffixes {-context.xml, Context.groovy}.
2020-07-01 13:58:26.035  INFO 9568 --- [    Test worker] t.c.s.AnnotationConfigContextLoaderUtils : Could not detect default configuration classes for test class [com.test.gunju.book.IndexControllerTest]: IndexControllerTest does not declare any static, non-private, non-final, nested classes annotated with @Configuration.
2020-07-01 13:58:26.041  INFO 9568 --- [    Test worker] .b.t.c.SpringBootTestContextBootstrapper : Found @SpringBootConfiguration com.test.gunju.book.Appilication for test class com.test.gunju.book.IndexControllerTest
2020-07-01 13:58:26.045  INFO 9568 --- [    Test worker] .b.t.c.SpringBootTestContextBootstrapper : Loaded default TestExecutionListener class names from location [META-INF/spring.factories]: [org.springframework.boot.test.autoconfigure.restdocs.RestDocsTestExecutionListener, org.springframework.boot.test.autoconfigure.web.client.MockRestServiceServerResetTestExecutionListener, org.springframework.boot.test.autoconfigure.web.servlet.MockMvcPrintOnlyOnFailureTestExecutionListener, org.springframework.boot.test.autoconfigure.web.servlet.WebDriverTestExecutionListener, org.springframework.boot.test.mock.mockito.MockitoTestExecutionListener, org.springframework.boot.test.mock.mockito.ResetMocksTestExecutionListener, org.springframework.test.context.web.ServletTestExecutionListener, org.springframework.test.context.support.DirtiesContextBeforeModesTestExecutionListener, org.springframework.test.context.support.DependencyInjectionTestExecutionListener, org.springframework.test.context.support.DirtiesContextTestExecutionListener, org.springframework.test.context.transaction.TransactionalTestExecutionListener, org.springframework.test.context.jdbc.SqlScriptsTestExecutionListener]
2020-07-01 13:58:26.046  INFO 9568 --- [    Test worker] .b.t.c.SpringBootTestContextBootstrapper : Using TestExecutionListeners: [org.springframework.test.context.web.ServletTestExecutionListener@21658a3f, org.springframework.test.context.support.DirtiesContextBeforeModesTestExecutionListener@653a9b6a, org.springframework.boot.test.mock.mockito.MockitoTestExecutionListener@3e039656, org.springframework.boot.test.autoconfigure.SpringBootDependencyInjectionTestExecutionListener@2f2b388c, org.springframework.test.context.support.DirtiesContextTestExecutionListener@22127b24, org.springframework.test.context.transaction.TransactionalTestExecutionListener@13c255c7, org.springframework.test.context.jdbc.SqlScriptsTestExecutionListener@31d1c0cf, org.springframework.boot.test.autoconfigure.restdocs.RestDocsTestExecutionListener@47486121, org.springframework.boot.test.autoconfigure.web.client.MockRestServiceServerResetTestExecutionListener@7632e9b7, org.springframework.boot.test.autoconfigure.web.servlet.MockMvcPrintOnlyOnFailureTestExecutionListener@775fe6db, org.springframework.boot.test.autoconfigure.web.servlet.WebDriverTestExecutionListener@48b78747, org.springframework.boot.test.mock.mockito.ResetMocksTestExecutionListener@4c72a619]
Hibernate: select posts0_.id as id1_0_, posts0_.created_date as created_2_0_, posts0_.modified_date as modified3_0_, posts0_.author as author4_0_, posts0_.content as content5_0_, posts0_.title as title6_0_ from posts posts0_ order by posts0_.id DESC
]]></system-out>
  <system-err><![CDATA[]]></system-err>
</testsuite>
